2025/05/25 22:39:14 [2025-05-25 22:39:14] [INFO] CLIENT: Starting Clash Royale TCR Client v1.0.0
2025/05/25 22:39:14 [2025-05-25 22:39:14] [INFO] CLIENT: Connecting to server: localhost:8080
2025/05/25 22:39:14 [2025-05-25 22:39:14] [INFO] CLIENT: Client starting...
2025/05/25 22:39:14 [2025-05-25 22:39:14] [INFO] CLIENT: Connected to server at localhost:8080
2025/05/25 22:39:25 [2025-05-25 22:39:25] [DEBUG] CLIENT: Received raw message: {"type":"AUTH_OK","player_id":"client_1748187554723310000","timestamp":"2025-05-25T22:39:25.080235+07:00","data":{"auth_response":{"success":true,"player_id":"client_1748187554723310000","message":"Login successful","player_data":{"username":"khanhhung","password":"1234","level":1,"exp":0,"troop_levels":{"Bishop":1,"Knight":1,"Pawn":1,"Prince":1,"Queen":1,"Rook":1},"tower_levels":{"Guard Tower":1,"King Tower":1},"games_played":0,"games_won":0,"last_login":"2025-05-25T22:39:25.078597+07:00"}}}}
2025/05/25 22:39:25 [2025-05-25 22:39:25] [DEBUG] CLIENT: Received message type: AUTH_OK
2025/05/25 22:39:25 [2025-05-25 22:39:25] [INFO] CLIENT: Authentication successful for khanhhung
2025/05/25 22:39:44 [2025-05-25 22:39:44] [INFO] CLIENT: Starting Clash Royale TCR Client v1.0.0
2025/05/25 22:39:44 [2025-05-25 22:39:44] [INFO] CLIENT: Connecting to server: localhost:8080
2025/05/25 22:39:44 [2025-05-25 22:39:44] [INFO] CLIENT: Client starting...
2025/05/25 22:39:44 [2025-05-25 22:39:44] [INFO] CLIENT: Connected to server at localhost:8080
2025/05/25 22:39:48 [2025-05-25 22:39:48] [DEBUG] CLIENT: Received raw message: {"type":"AUTH_OK","player_id":"client_1748187584046337000","timestamp":"2025-05-25T22:39:48.090767+07:00","data":{"auth_response":{"success":true,"player_id":"client_1748187584046337000","message":"Login successful","player_data":{"username":"bao","password":"1234","level":1,"exp":0,"troop_levels":{"Bishop":1,"Knight":1,"Pawn":1,"Prince":1,"Queen":1,"Rook":1},"tower_levels":{"Guard Tower":1,"King Tower":1},"games_played":0,"games_won":0,"last_login":"2025-05-25T22:39:48.088744+07:00"}}}}
2025/05/25 22:39:48 [2025-05-25 22:39:48] [DEBUG] CLIENT: Received message type: AUTH_OK
2025/05/25 22:39:48 [2025-05-25 22:39:48] [INFO] CLIENT: Authentication successful for bao
2025/05/25 22:39:51 [2025-05-25 22:39:51] [DEBUG] CLIENT: Received raw message: {"type":"FIND_MATCH","player_id":"client_1748187584046337000","timestamp":"2025-05-25T22:39:51.026902+07:00","data":{"game_mode":"simple","status":"searching"}}
2025/05/25 22:39:51 [2025-05-25 22:39:51] [DEBUG] CLIENT: Received message type: FIND_MATCH
2025/05/25 22:39:51 [2025-05-25 22:39:51] [DEBUG] CLIENT: Unhandled message type: FIND_MATCH
2025/05/25 22:39:59 [2025-05-25 22:39:59] [DEBUG] CLIENT: Received raw message: {"type":"FIND_MATCH","player_id":"client_1748187554723310000","timestamp":"2025-05-25T22:39:59.575177+07:00","data":{"game_mode":"simple","status":"searching"}}
2025/05/25 22:39:59 [2025-05-25 22:39:59] [DEBUG] CLIENT: Received message type: FIND_MATCH
2025/05/25 22:39:59 [2025-05-25 22:39:59] [DEBUG] CLIENT: Unhandled message type: FIND_MATCH
2025/05/25 22:40:00 [2025-05-25 22:40:00] [DEBUG] CLIENT: Received raw message: {"type":"MATCH_FOUND","player_id":"client_1748187554723310000","game_id":"game_1748187600","timestamp":"2025-05-25T22:40:00.455747+07:00","data":{"match_found":{"game_id":"game_1748187600","game_mode":"simple","opponent":{"level":1,"username":"bao"},"your_turn":false}}}
2025/05/25 22:40:00 [2025-05-25 22:40:00] [DEBUG] CLIENT: Received message type: MATCH_FOUND
2025/05/25 22:40:00 [2025-05-25 22:40:00] [DEBUG] CLIENT: Received raw message: {"type":"GAME_START","player_id":"client_1748187554723310000","game_id":"game_1748187600_702","timestamp":"2025-05-25T22:40:00.465103+07:00","data":{"game_start":{"countdown_seconds":3,"game_state":{"id":"game_1748187600_702","game_mode":"simple","status":"active","player1":{"id":"client_1748187584046337000","username":"bao","level":1,"exp":0,"mana":5,"max_mana":10,"troops":[{"name":"Prince","hp":500,"atk":400,"def":300,"crit":0,"mana":6,"exp":50,"level":1},{"name":"Queen","hp":0,"atk":0,"def":0,"crit":0,"mana":5,"exp":30,"special":"Heals the friendly tower with lowest HP by 300","level":1},{"name":"Pawn","hp":50,"atk":150,"def":100,"crit":0,"mana":3,"exp":5,"level":1}],"towers":[{"name":"King Tower","hp":2000,"max_hp":2000,"atk":500,"def":300,"crit":0.1,"exp":200,"level":1,"is_active":true},{"name":"Guard Tower","hp":1000,"max_hp":1000,"atk":300,"def":100,"crit":0.05,"exp":100,"level":1,"is_active":true},{"name":"Guard Tower","hp":1000,"max_hp":1000,"atk":300,"def":100,"crit":0.05,"exp":100,"level":1,"is_active":true}]},"player2":{"id":"client_1748187554723310000","username":"khanhhung","level":1,"exp":0,"mana":5,"max_mana":10,"troops":[{"name":"Bishop","hp":100,"atk":200,"def":150,"crit":0,"mana":4,"exp":10,"level":1},{"name":"Rook","hp":250,"atk":200,"def":200,"crit":0,"mana":5,"exp":25,"level":1},{"name":"Prince","hp":500,"atk":400,"def":300,"crit":0,"mana":6,"exp":50,"level":1}],"towers":[{"name":"King Tower","hp":2000,"max_hp":2000,"atk":500,"def":300,"crit":0.1,"exp":200,"level":1,"is_active":true},{"name":"Guard Tower","hp":1000,"max_hp":1000,"atk":300,"def":100,"crit":0.05,"exp":100,"level":1,"is_active":true},{"name":"Guard Tower","hp":1000,"max_hp":1000,"atk":300,"def":100,"crit":0.05,"exp":100,"level":1,"is_active":true}]},"current_turn":"client_1748187584046337000","time_left":180,"start_time":"2025-05-25T22:40:00.448328+07:00","towers_killed":{"player1":0,"player2":0}},"your_towers":[{"name":"King Tower","hp":2000,"max_hp":2000,"atk":500,"def":300,"crit":0.1,"exp":200,"level":1,"is_active":true},{"name":"Guard Tower","hp":1000,"max_hp":1000,"atk":300,"def":100,"crit":0.05,"exp":100,"level":1,"is_active":true},{"name":"Guard Tower","hp":1000,"max_hp":1000,"atk":300,"def":100,"crit":0.05,"exp":100,"level":1,"is_active":true}],"your_troops":[{"name":"Bishop","hp":100,"atk":200,"def":150,"crit":0,"mana":4,"exp":10,"level":1},{"name":"Rook","hp":250,"atk":200,"def":200,"crit":0,"mana":5,"exp":25,"level":1},{"name":"Prince","hp":500,"atk":400,"def":300,"crit":0,"mana":6,"exp":50,"level":1}]}}}
2025/05/25 22:40:00 [2025-05-25 22:40:00] [DEBUG] CLIENT: Received raw message: {"type":"MATCH_FOUND","player_id":"client_1748187584046337000","game_id":"game_1748187600","timestamp":"2025-05-25T22:40:00.448416+07:00","data":{"match_found":{"game_id":"game_1748187600","game_mode":"simple","opponent":{"level":1,"username":"khanhhung"},"your_turn":true}}}
2025/05/25 22:40:00 [2025-05-25 22:40:00] [DEBUG] CLIENT: Received message type: MATCH_FOUND
2025/05/25 22:40:00 [2025-05-25 22:40:00] [DEBUG] CLIENT: Received message type: GAME_START
2025/05/25 22:40:00 [2025-05-25 22:40:00] [DEBUG] CLIENT: Processing game start message
2025/05/25 22:40:00 [2025-05-25 22:40:00] [INFO] CLIENT: Game started successfully
2025/05/25 22:40:00 [2025-05-25 22:40:00] [DEBUG] CLIENT: Received raw message: {"type":"GAME_START","player_id":"client_1748187584046337000","game_id":"game_1748187600_702","timestamp":"2025-05-25T22:40:00.464068+07:00","data":{"game_start":{"countdown_seconds":3,"game_state":{"id":"game_1748187600_702","game_mode":"simple","status":"active","player1":{"id":"client_1748187584046337000","username":"bao","level":1,"exp":0,"mana":5,"max_mana":10,"troops":[{"name":"Prince","hp":500,"atk":400,"def":300,"crit":0,"mana":6,"exp":50,"level":1},{"name":"Queen","hp":0,"atk":0,"def":0,"crit":0,"mana":5,"exp":30,"special":"Heals the friendly tower with lowest HP by 300","level":1},{"name":"Pawn","hp":50,"atk":150,"def":100,"crit":0,"mana":3,"exp":5,"level":1}],"towers":[{"name":"King Tower","hp":2000,"max_hp":2000,"atk":500,"def":300,"crit":0.1,"exp":200,"level":1,"is_active":true},{"name":"Guard Tower","hp":1000,"max_hp":1000,"atk":300,"def":100,"crit":0.05,"exp":100,"level":1,"is_active":true},{"name":"Guard Tower","hp":1000,"max_hp":1000,"atk":300,"def":100,"crit":0.05,"exp":100,"level":1,"is_active":true}]},"player2":{"id":"client_1748187554723310000","username":"khanhhung","level":1,"exp":0,"mana":5,"max_mana":10,"troops":[{"name":"Bishop","hp":100,"atk":200,"def":150,"crit":0,"mana":4,"exp":10,"level":1},{"name":"Rook","hp":250,"atk":200,"def":200,"crit":0,"mana":5,"exp":25,"level":1},{"name":"Prince","hp":500,"atk":400,"def":300,"crit":0,"mana":6,"exp":50,"level":1}],"towers":[{"name":"King Tower","hp":2000,"max_hp":2000,"atk":500,"def":300,"crit":0.1,"exp":200,"level":1,"is_active":true},{"name":"Guard Tower","hp":1000,"max_hp":1000,"atk":300,"def":100,"crit":0.05,"exp":100,"level":1,"is_active":true},{"name":"Guard Tower","hp":1000,"max_hp":1000,"atk":300,"def":100,"crit":0.05,"exp":100,"level":1,"is_active":true}]},"current_turn":"client_1748187584046337000","time_left":180,"start_time":"2025-05-25T22:40:00.448328+07:00","towers_killed":{"player1":0,"player2":0}},"your_towers":[{"name":"King Tower","hp":2000,"max_hp":2000,"atk":500,"def":300,"crit":0.1,"exp":200,"level":1,"is_active":true},{"name":"Guard Tower","hp":1000,"max_hp":1000,"atk":300,"def":100,"crit":0.05,"exp":100,"level":1,"is_active":true},{"name":"Guard Tower","hp":1000,"max_hp":1000,"atk":300,"def":100,"crit":0.05,"exp":100,"level":1,"is_active":true}],"your_troops":[{"name":"Prince","hp":500,"atk":400,"def":300,"crit":0,"mana":6,"exp":50,"level":1},{"name":"Queen","hp":0,"atk":0,"def":0,"crit":0,"mana":5,"exp":30,"special":"Heals the friendly tower with lowest HP by 300","level":1},{"name":"Pawn","hp":50,"atk":150,"def":100,"crit":0,"mana":3,"exp":5,"level":1}]}}}
2025/05/25 22:40:00 [2025-05-25 22:40:00] [DEBUG] CLIENT: Received message type: GAME_START
2025/05/25 22:40:00 [2025-05-25 22:40:00] [DEBUG] CLIENT: Processing game start message
2025/05/25 22:40:00 [2025-05-25 22:40:00] [INFO] CLIENT: Game started successfully
2025/05/25 22:40:50 [2025-05-25 22:40:50] [DEBUG] CLIENT: Received raw message: {"type":"GAME_EVENT","game_id":"game_1748187600","timestamp":"2025-05-25T22:40:50.819648+07:00","data":{"game_event":{"event":{"type":"heal","player_id":"client_1748187584046337000","troop_name":"Queen","target_type":"tower","target_name":"Guard Tower","timestamp":"2025-05-25T22:40:50.819562+07:00","data":{"mana_left":0,"tower_hp":1000}},"game_state":{"id":"game_1748187600_702","game_mode":"simple","status":"active","player1":{"id":"client_1748187584046337000","username":"bao","level":1,"exp":0,"mana":0,"max_mana":10,"troops":[{"name":"Prince","hp":500,"atk":400,"def":300,"crit":0,"mana":6,"exp":50,"level":1},{"name":"Queen","hp":0,"atk":0,"def":0,"crit":0,"mana":5,"exp":30,"special":"Heals the friendly tower with lowest HP by 300","level":1},{"name":"Pawn","hp":50,"atk":150,"def":100,"crit":0,"mana":3,"exp":5,"level":1}],"towers":[{"name":"King Tower","hp":2000,"max_hp":2000,"atk":500,"def":300,"crit":0.1,"exp":200,"level":1,"is_active":true},{"name":"Guard Tower","hp":1000,"max_hp":1000,"atk":300,"def":100,"crit":0.05,"exp":100,"level":1,"is_active":true},{"name":"Guard Tower","hp":1000,"max_hp":1000,"atk":300,"def":100,"crit":0.05,"exp":100,"level":1,"is_active":true}]},"player2":{"id":"client_1748187554723310000","username":"khanhhung","level":1,"exp":0,"mana":5,"max_mana":10,"troops":[{"name":"Bishop","hp":100,"atk":200,"def":150,"crit":0,"mana":4,"exp":10,"level":1},{"name":"Rook","hp":250,"atk":200,"def":200,"crit":0,"mana":5,"exp":25,"level":1},{"name":"Prince","hp":500,"atk":400,"def":300,"crit":0,"mana":6,"exp":50,"level":1}],"towers":[{"name":"King Tower","hp":2000,"max_hp":2000,"atk":500,"def":300,"crit":0.1,"exp":200,"level":1,"is_active":true},{"name":"Guard Tower","hp":1000,"max_hp":1000,"atk":300,"def":100,"crit":0.05,"exp":100,"level":1,"is_active":true},{"name":"Guard Tower","hp":1000,"max_hp":1000,"atk":300,"def":100,"crit":0.05,"exp":100,"level":1,"is_active":true}]},"current_turn":"client_1748187584046337000","time_left":180,"start_time":"2025-05-25T22:40:00.448328+07:00","towers_killed":{"player1":0,"player2":0}}}}}
2025/05/25 22:40:50 [2025-05-25 22:40:50] [DEBUG] CLIENT: Received raw message: {"type":"GAME_EVENT","game_id":"game_1748187600","timestamp":"2025-05-25T22:40:50.819648+07:00","data":{"game_event":{"event":{"type":"heal","player_id":"client_1748187584046337000","troop_name":"Queen","target_type":"tower","target_name":"Guard Tower","timestamp":"2025-05-25T22:40:50.819562+07:00","data":{"mana_left":0,"tower_hp":1000}},"game_state":{"id":"game_1748187600_702","game_mode":"simple","status":"active","player1":{"id":"client_1748187584046337000","username":"bao","level":1,"exp":0,"mana":0,"max_mana":10,"troops":[{"name":"Prince","hp":500,"atk":400,"def":300,"crit":0,"mana":6,"exp":50,"level":1},{"name":"Queen","hp":0,"atk":0,"def":0,"crit":0,"mana":5,"exp":30,"special":"Heals the friendly tower with lowest HP by 300","level":1},{"name":"Pawn","hp":50,"atk":150,"def":100,"crit":0,"mana":3,"exp":5,"level":1}],"towers":[{"name":"King Tower","hp":2000,"max_hp":2000,"atk":500,"def":300,"crit":0.1,"exp":200,"level":1,"is_active":true},{"name":"Guard Tower","hp":1000,"max_hp":1000,"atk":300,"def":100,"crit":0.05,"exp":100,"level":1,"is_active":true},{"name":"Guard Tower","hp":1000,"max_hp":1000,"atk":300,"def":100,"crit":0.05,"exp":100,"level":1,"is_active":true}]},"player2":{"id":"client_1748187554723310000","username":"khanhhung","level":1,"exp":0,"mana":5,"max_mana":10,"troops":[{"name":"Bishop","hp":100,"atk":200,"def":150,"crit":0,"mana":4,"exp":10,"level":1},{"name":"Rook","hp":250,"atk":200,"def":200,"crit":0,"mana":5,"exp":25,"level":1},{"name":"Prince","hp":500,"atk":400,"def":300,"crit":0,"mana":6,"exp":50,"level":1}],"towers":[{"name":"King Tower","hp":2000,"max_hp":2000,"atk":500,"def":300,"crit":0.1,"exp":200,"level":1,"is_active":true},{"name":"Guard Tower","hp":1000,"max_hp":1000,"atk":300,"def":100,"crit":0.05,"exp":100,"level":1,"is_active":true},{"name":"Guard Tower","hp":1000,"max_hp":1000,"atk":300,"def":100,"crit":0.05,"exp":100,"level":1,"is_active":true}]},"current_turn":"client_1748187584046337000","time_left":180,"start_time":"2025-05-25T22:40:00.448328+07:00","towers_killed":{"player1":0,"player2":0}}}}}
2025/05/25 22:40:50 [2025-05-25 22:40:50] [DEBUG] CLIENT: Received message type: GAME_EVENT
2025/05/25 22:40:50 [2025-05-25 22:40:50] [DEBUG] CLIENT: Received message type: GAME_EVENT
2025/05/25 22:41:09 [2025-05-25 22:41:09] [DEBUG] CLIENT: Received raw message: {"type":"TURN_CHANGE","game_id":"game_1748187600","timestamp":"2025-05-25T22:41:09.391415+07:00","data":{"current_turn":"client_1748187584046337000"}}
2025/05/25 22:41:09 [2025-05-25 22:41:09] [DEBUG] CLIENT: Received message type: TURN_CHANGE
2025/05/25 22:41:09 [2025-05-25 22:41:09] [DEBUG] CLIENT: Received raw message: {"type":"TURN_CHANGE","game_id":"game_1748187600","timestamp":"2025-05-25T22:41:09.391415+07:00","data":{"current_turn":"client_1748187584046337000"}}
2025/05/25 22:41:09 [2025-05-25 22:41:09] [DEBUG] CLIENT: Received message type: TURN_CHANGE
2025/05/25 22:41:39 [2025-05-25 22:41:39] [DEBUG] CLIENT: Received raw message: {"type":"TURN_CHANGE","game_id":"game_1748187600","timestamp":"2025-05-25T22:41:39.122951+07:00","data":{"current_turn":"client_1748187584046337000"}}
2025/05/25 22:41:39 [2025-05-25 22:41:39] [DEBUG] CLIENT: Received raw message: {"type":"TURN_CHANGE","game_id":"game_1748187600","timestamp":"2025-05-25T22:41:39.122951+07:00","data":{"current_turn":"client_1748187584046337000"}}
2025/05/25 22:41:39 [2025-05-25 22:41:39] [DEBUG] CLIENT: Received message type: TURN_CHANGE
2025/05/25 22:41:39 [2025-05-25 22:41:39] [DEBUG] CLIENT: Received message type: TURN_CHANGE
2025/05/25 22:41:42 [2025-05-25 22:41:42] [DEBUG] CLIENT: Received raw message: {"type":"TURN_CHANGE","game_id":"game_1748187600","timestamp":"2025-05-25T22:41:42.351845+07:00","data":{"current_turn":"client_1748187584046337000"}}
2025/05/25 22:41:42 [2025-05-25 22:41:42] [DEBUG] CLIENT: Received raw message: {"type":"TURN_CHANGE","game_id":"game_1748187600","timestamp":"2025-05-25T22:41:42.351845+07:00","data":{"current_turn":"client_1748187584046337000"}}
2025/05/25 22:41:42 [2025-05-25 22:41:42] [DEBUG] CLIENT: Received message type: TURN_CHANGE
2025/05/25 22:41:42 [2025-05-25 22:41:42] [DEBUG] CLIENT: Received message type: TURN_CHANGE
2025/05/25 22:42:08 [2025-05-25 22:42:08] [DEBUG] CLIENT: Received raw message: {"type":"TURN_CHANGE","game_id":"game_1748187600","timestamp":"2025-05-25T22:42:08.804342+07:00","data":{"current_turn":"client_1748187584046337000"}}
2025/05/25 22:42:08 [2025-05-25 22:42:08] [DEBUG] CLIENT: Received raw message: {"type":"TURN_CHANGE","game_id":"game_1748187600","timestamp":"2025-05-25T22:42:08.804342+07:00","data":{"current_turn":"client_1748187584046337000"}}
2025/05/25 22:42:08 [2025-05-25 22:42:08] [DEBUG] CLIENT: Received message type: TURN_CHANGE
2025/05/25 22:42:08 [2025-05-25 22:42:08] [DEBUG] CLIENT: Received message type: TURN_CHANGE
2025/05/25 22:42:12 [2025-05-25 22:42:12] [INFO] CLIENT: Received shutdown signal, closing client...
2025/05/25 22:42:14 [2025-05-25 22:42:14] [INFO] CLIENT: Received shutdown signal, closing client...
2025/05/25 22:48:40 [2025-05-25 22:48:40] [INFO] CLIENT: Starting Clash Royale TCR Client v1.0.0
2025/05/25 22:48:40 [2025-05-25 22:48:40] [INFO] CLIENT: Connecting to server: localhost:8080
2025/05/25 22:48:40 [2025-05-25 22:48:40] [INFO] CLIENT: Client starting...
2025/05/25 22:48:40 [2025-05-25 22:48:40] [INFO] CLIENT: Connected to server at localhost:8080
2025/05/25 22:48:44 [2025-05-25 22:48:44] [INFO] CLIENT: Starting Clash Royale TCR Client v1.0.0
2025/05/25 22:48:44 [2025-05-25 22:48:44] [INFO] CLIENT: Connecting to server: localhost:8080
2025/05/25 22:48:44 [2025-05-25 22:48:44] [INFO] CLIENT: Client starting...
2025/05/25 22:48:44 [2025-05-25 22:48:44] [INFO] CLIENT: Connected to server at localhost:8080
2025/05/25 22:48:54 [2025-05-25 22:48:54] [DEBUG] CLIENT: Received raw message: {"type":"AUTH_OK","player_id":"client_1748188120244137000","timestamp":"2025-05-25T22:48:54.206418+07:00","data":{"auth_response":{"success":true,"player_id":"client_1748188120244137000","message":"Login successful","player_data":{"username":"khanhhung","password":"1234","level":1,"exp":0,"troop_levels":{"Bishop":1,"Knight":1,"Pawn":1,"Prince":1,"Queen":1,"Rook":1},"tower_levels":{"Guard Tower":1,"King Tower":1},"games_played":0,"games_won":0,"last_login":"2025-05-25T22:48:54.205666+07:00"}}}}
2025/05/25 22:48:54 [2025-05-25 22:48:54] [DEBUG] CLIENT: Received message type: AUTH_OK
2025/05/25 22:48:54 [2025-05-25 22:48:54] [INFO] CLIENT: Authentication successful for khanhhung
2025/05/25 22:49:02 [2025-05-25 22:49:02] [DEBUG] CLIENT: Received raw message: {"type":"AUTH_OK","player_id":"client_1748188124007966000","timestamp":"2025-05-25T22:49:02.728475+07:00","data":{"auth_response":{"success":true,"player_id":"client_1748188124007966000","message":"Login successful","player_data":{"username":"bao","password":"1234","level":1,"exp":0,"troop_levels":{"Bishop":1,"Knight":1,"Pawn":1,"Prince":1,"Queen":1,"Rook":1},"tower_levels":{"Guard Tower":1,"King Tower":1},"games_played":0,"games_won":0,"last_login":"2025-05-25T22:49:02.727501+07:00"}}}}
2025/05/25 22:49:02 [2025-05-25 22:49:02] [DEBUG] CLIENT: Received message type: AUTH_OK
2025/05/25 22:49:02 [2025-05-25 22:49:02] [INFO] CLIENT: Authentication successful for bao
2025/05/25 22:54:01 [2025-05-25 22:54:01] [ERROR] CLIENT: Lost connection to server
2025/05/25 22:54:01 [2025-05-25 22:54:01] [ERROR] CLIENT: Lost connection to server
2025/05/25 23:05:49 [2025-05-25 23:05:49] [INFO] CLIENT: Received shutdown signal, closing client...
2025/05/25 23:05:51 [2025-05-25 23:05:51] [INFO] CLIENT: Starting Clash Royale TCR Client v1.0.0
2025/05/25 23:05:51 [2025-05-25 23:05:51] [INFO] CLIENT: Connecting to server: localhost:8080
2025/05/25 23:05:51 [2025-05-25 23:05:51] [INFO] CLIENT: Client starting...
2025/05/25 23:05:51 [2025-05-25 23:05:51] [INFO] CLIENT: Connected to server at localhost:8080
2025/05/25 23:06:01 [2025-05-25 23:06:01] [DEBUG] CLIENT: Received raw message: {"type":"AUTH_FAIL","timestamp":"2025-05-25T23:06:01.399917+07:00","data":{"auth_response":{"success":false,"message":"player not found"}}}
2025/05/25 23:06:01 [2025-05-25 23:06:01] [DEBUG] CLIENT: Received message type: AUTH_FAIL
2025/05/25 23:07:28 [2025-05-25 23:07:28] [INFO] CLIENT: Received shutdown signal, closing client...
2025/05/25 23:07:35 [2025-05-25 23:07:35] [INFO] CLIENT: Starting Clash Royale TCR Client v1.0.0
2025/05/25 23:07:35 [2025-05-25 23:07:35] [INFO] CLIENT: Connecting to server: localhost:8080
2025/05/25 23:07:35 [2025-05-25 23:07:35] [INFO] CLIENT: Client starting...
2025/05/25 23:07:35 [2025-05-25 23:07:35] [INFO] CLIENT: Connected to server at localhost:8080
2025/05/25 23:07:43 [2025-05-25 23:07:43] [DEBUG] CLIENT: Received raw message: {"type":"AUTH_FAIL","timestamp":"2025-05-25T23:07:43.854471+07:00","data":{"auth_response":{"success":false,"message":"player not found"}}}
2025/05/25 23:07:43 [2025-05-25 23:07:43] [DEBUG] CLIENT: Received message type: AUTH_FAIL
2025/05/25 23:08:11 [2025-05-25 23:08:11] [DEBUG] CLIENT: Received raw message: {"type":"AUTH_FAIL","timestamp":"2025-05-25T23:08:11.20296+07:00","data":{"auth_response":{"success":false,"message":"player not found"}}}
2025/05/25 23:08:11 [2025-05-25 23:08:11] [DEBUG] CLIENT: Received message type: AUTH_FAIL
2025/05/25 23:08:29 [2025-05-25 23:08:29] [DEBUG] CLIENT: Received raw message: {"type":"AUTH_FAIL","timestamp":"2025-05-25T23:08:29.075456+07:00","data":{"auth_response":{"success":false,"message":"player not found"}}}
2025/05/25 23:08:29 [2025-05-25 23:08:29] [DEBUG] CLIENT: Received message type: AUTH_FAIL
2025/05/25 23:11:01 [2025-05-25 23:11:01] [ERROR] CLIENT: Lost connection to server
2025/05/25 23:13:01 [2025-05-25 23:13:01] [ERROR] CLIENT: Lost connection to server
2025/05/25 23:19:22 [2025-05-25 23:19:22] [INFO] CLIENT: Received shutdown signal, closing client...
2025/05/25 23:19:27 [2025-05-25 23:19:27] [INFO] CLIENT: Received shutdown signal, closing client...
2025/05/25 23:21:47 [2025-05-25 23:21:47] [INFO] CLIENT: Starting Clash Royale TCR Client v1.0.0
2025/05/25 23:21:47 [2025-05-25 23:21:47] [INFO] CLIENT: Connecting to server: localhost:8080
2025/05/25 23:21:47 [2025-05-25 23:21:47] [INFO] CLIENT: Client starting...
2025/05/25 23:21:47 [2025-05-25 23:21:47] [INFO] CLIENT: Connected to server at localhost:8080
2025/05/25 23:23:11 [2025-05-25 23:23:11] [DEBUG] CLIENT: Received raw message: {"type":"AUTH_OK","player_id":"client_1748190107641491000","timestamp":"2025-05-25T23:23:11.447882+07:00","data":{"auth_response":{"success":true,"player_id":"client_1748190107641491000","message":"Login successful","player_data":{"username":"bao","password":"1234","level":1,"exp":0,"troop_levels":{"Bishop":1,"Knight":1,"Pawn":1,"Prince":1,"Queen":1,"Rook":1},"tower_levels":{"Guard Tower":1,"King Tower":1},"games_played":0,"games_won":0,"last_login":"2025-05-25T23:23:11.446641+07:00"}}}}
2025/05/25 23:23:11 [2025-05-25 23:23:11] [DEBUG] CLIENT: Received message type: AUTH_OK
2025/05/25 23:23:11 [2025-05-25 23:23:11] [INFO] CLIENT: Authentication successful for bao
2025/05/25 23:27:14 [2025-05-25 23:27:14] [ERROR] CLIENT: Lost connection to server
2025/05/25 23:31:25 [2025-05-25 23:31:25] [INFO] CLIENT: Received shutdown signal, closing client...
2025/05/25 23:36:38 [2025-05-25 23:36:38] [INFO] CLIENT: Starting Clash Royale TCR Client v1.0.0
2025/05/25 23:36:38 [2025-05-25 23:36:38] [INFO] CLIENT: Connecting to server: localhost:8080
2025/05/25 23:36:38 [2025-05-25 23:36:38] [INFO] CLIENT: Client starting...
2025/05/25 23:36:38 [2025-05-25 23:36:38] [INFO] CLIENT: Connected to server at localhost:8080
2025/05/25 23:36:44 [2025-05-25 23:36:44] [DEBUG] CLIENT: Received raw message: {"type":"AUTH_OK","player_id":"client_1748190998384254000","timestamp":"2025-05-25T23:36:44.32188+07:00","data":{"auth_response":{"success":true,"player_id":"client_1748190998384254000","message":"Login successful","player_data":{"username":"khanhhung","password":"1234","level":1,"exp":0,"troop_levels":{"Bishop":1,"Knight":1,"Pawn":1,"Prince":1,"Queen":1,"Rook":1},"tower_levels":{"Guard Tower":1,"King Tower":1},"games_played":0,"games_won":0,"last_login":"2025-05-25T23:36:44.320946+07:00"}}}}
2025/05/25 23:36:44 [2025-05-25 23:36:44] [DEBUG] CLIENT: Received message type: AUTH_OK
2025/05/25 23:36:44 [2025-05-25 23:36:44] [INFO] CLIENT: Authentication successful for khanhhung
2025/05/25 23:36:49 [2025-05-25 23:36:49] [INFO] CLIENT: Starting Clash Royale TCR Client v1.0.0
2025/05/25 23:36:49 [2025-05-25 23:36:49] [INFO] CLIENT: Connecting to server: localhost:8080
2025/05/25 23:36:49 [2025-05-25 23:36:49] [INFO] CLIENT: Client starting...
2025/05/25 23:36:49 [2025-05-25 23:36:49] [INFO] CLIENT: Connected to server at localhost:8080
2025/05/25 23:36:57 [2025-05-25 23:36:57] [DEBUG] CLIENT: Received raw message: {"type":"AUTH_OK","player_id":"client_1748191009434742000","timestamp":"2025-05-25T23:36:57.41556+07:00","data":{"auth_response":{"success":true,"player_id":"client_1748191009434742000","message":"Login successful","player_data":{"username":"bao","password":"1234","level":1,"exp":0,"troop_levels":{"Bishop":1,"Knight":1,"Pawn":1,"Prince":1,"Queen":1,"Rook":1},"tower_levels":{"Guard Tower":1,"King Tower":1},"games_played":0,"games_won":0,"last_login":"2025-05-25T23:36:57.415063+07:00"}}}}
2025/05/25 23:36:57 [2025-05-25 23:36:57] [DEBUG] CLIENT: Received message type: AUTH_OK
2025/05/25 23:36:57 [2025-05-25 23:36:57] [INFO] CLIENT: Authentication successful for bao
2025/05/25 23:37:06 [2025-05-25 23:37:06] [DEBUG] CLIENT: Received raw message: {"type":"FIND_MATCH","player_id":"client_1748191009434742000","timestamp":"2025-05-25T23:37:06.911725+07:00","data":{"game_mode":"simple","status":"searching"}}
2025/05/25 23:37:06 [2025-05-25 23:37:06] [DEBUG] CLIENT: Received message type: FIND_MATCH
2025/05/25 23:37:06 [2025-05-25 23:37:06] [DEBUG] CLIENT: Unhandled message type: FIND_MATCH
2025/05/25 23:37:09 [2025-05-25 23:37:09] [DEBUG] CLIENT: Received raw message: {"type":"FIND_MATCH","player_id":"client_1748190998384254000","timestamp":"2025-05-25T23:37:09.85985+07:00","data":{"game_mode":"simple","status":"searching"}}
2025/05/25 23:37:09 [2025-05-25 23:37:09] [DEBUG] CLIENT: Received message type: FIND_MATCH
2025/05/25 23:37:09 [2025-05-25 23:37:09] [DEBUG] CLIENT: Unhandled message type: FIND_MATCH
2025/05/25 23:37:09 [2025-05-25 23:37:09] [DEBUG] CLIENT: Received raw message: {"type":"MATCH_FOUND","player_id":"client_1748191009434742000","game_id":"game_1748191029","timestamp":"2025-05-25T23:37:09.935092+07:00","data":{"match_found":{"game_id":"game_1748191029","game_mode":"simple","opponent":{"level":1,"username":"khanhhung"},"your_turn":true}}}
2025/05/25 23:37:09 [2025-05-25 23:37:09] [DEBUG] CLIENT: Received raw message: {"type":"MATCH_FOUND","player_id":"client_1748190998384254000","game_id":"game_1748191029","timestamp":"2025-05-25T23:37:09.935249+07:00","data":{"match_found":{"game_id":"game_1748191029","game_mode":"simple","opponent":{"level":1,"username":"bao"},"your_turn":false}}}
2025/05/25 23:37:09 [2025-05-25 23:37:09] [DEBUG] CLIENT: Received message type: MATCH_FOUND
2025/05/25 23:37:09 [2025-05-25 23:37:09] [DEBUG] CLIENT: Received message type: MATCH_FOUND
2025/05/25 23:37:09 [2025-05-25 23:37:09] [DEBUG] CLIENT: Received raw message: {"type":"GAME_START","player_id":"client_1748190998384254000","game_id":"game_1748191029_84","timestamp":"2025-05-25T23:37:09.935561+07:00","data":{"game_start":{"countdown_seconds":3,"game_state":{"id":"game_1748191029_84","game_mode":"simple","status":"active","player1":{"id":"client_1748191009434742000","username":"bao","level":1,"exp":0,"mana":5,"max_mana":10,"troops":[{"name":"Pawn","hp":50,"atk":150,"def":100,"crit":0,"mana":3,"exp":5,"level":1},{"name":"Prince","hp":500,"atk":400,"def":300,"crit":0,"mana":6,"exp":50,"level":1},{"name":"Knight","hp":200,"atk":300,"def":150,"crit":0,"mana":5,"exp":25,"level":1}],"towers":[{"name":"King Tower","hp":2000,"max_hp":2000,"atk":500,"def":300,"crit":0.1,"exp":200,"level":1,"is_active":true},{"name":"Guard Tower","hp":1000,"max_hp":1000,"atk":300,"def":100,"crit":0.05,"exp":100,"level":1,"is_active":true},{"name":"Guard Tower","hp":1000,"max_hp":1000,"atk":300,"def":100,"crit":0.05,"exp":100,"level":1,"is_active":true}]},"player2":{"id":"client_1748190998384254000","username":"khanhhung","level":1,"exp":0,"mana":5,"max_mana":10,"troops":[{"name":"Knight","hp":200,"atk":300,"def":150,"crit":0,"mana":5,"exp":25,"level":1},{"name":"Queen","hp":0,"atk":0,"def":0,"crit":0,"mana":5,"exp":30,"special":"Heals the friendly tower with lowest HP by 300","level":1},{"name":"Bishop","hp":100,"atk":200,"def":150,"crit":0,"mana":4,"exp":10,"level":1}],"towers":[{"name":"King Tower","hp":2000,"max_hp":2000,"atk":500,"def":300,"crit":0.1,"exp":200,"level":1,"is_active":true},{"name":"Guard Tower","hp":1000,"max_hp":1000,"atk":300,"def":100,"crit":0.05,"exp":100,"level":1,"is_active":true},{"name":"Guard Tower","hp":1000,"max_hp":1000,"atk":300,"def":100,"crit":0.05,"exp":100,"level":1,"is_active":true}]},"current_turn":"client_1748191009434742000","time_left":180,"start_time":"2025-05-25T23:37:09.935074+07:00","towers_killed":{"player1":0,"player2":0}},"your_towers":[{"name":"King Tower","hp":2000,"max_hp":2000,"atk":500,"def":300,"crit":0.1,"exp":200,"level":1,"is_active":true},{"name":"Guard Tower","hp":1000,"max_hp":1000,"atk":300,"def":100,"crit":0.05,"exp":100,"level":1,"is_active":true},{"name":"Guard Tower","hp":1000,"max_hp":1000,"atk":300,"def":100,"crit":0.05,"exp":100,"level":1,"is_active":true}],"your_troops":[{"name":"Knight","hp":200,"atk":300,"def":150,"crit":0,"mana":5,"exp":25,"level":1},{"name":"Queen","hp":0,"atk":0,"def":0,"crit":0,"mana":5,"exp":30,"special":"Heals the friendly tower with lowest HP by 300","level":1},{"name":"Bishop","hp":100,"atk":200,"def":150,"crit":0,"mana":4,"exp":10,"level":1}]}}}
2025/05/25 23:37:09 [2025-05-25 23:37:09] [DEBUG] CLIENT: Received message type: GAME_START
2025/05/25 23:37:09 [2025-05-25 23:37:09] [DEBUG] CLIENT: Received raw message: {"type":"GAME_START","player_id":"client_1748191009434742000","game_id":"game_1748191029_84","timestamp":"2025-05-25T23:37:09.935287+07:00","data":{"game_start":{"countdown_seconds":3,"game_state":{"id":"game_1748191029_84","game_mode":"simple","status":"active","player1":{"id":"client_1748191009434742000","username":"bao","level":1,"exp":0,"mana":5,"max_mana":10,"troops":[{"name":"Pawn","hp":50,"atk":150,"def":100,"crit":0,"mana":3,"exp":5,"level":1},{"name":"Prince","hp":500,"atk":400,"def":300,"crit":0,"mana":6,"exp":50,"level":1},{"name":"Knight","hp":200,"atk":300,"def":150,"crit":0,"mana":5,"exp":25,"level":1}],"towers":[{"name":"King Tower","hp":2000,"max_hp":2000,"atk":500,"def":300,"crit":0.1,"exp":200,"level":1,"is_active":true},{"name":"Guard Tower","hp":1000,"max_hp":1000,"atk":300,"def":100,"crit":0.05,"exp":100,"level":1,"is_active":true},{"name":"Guard Tower","hp":1000,"max_hp":1000,"atk":300,"def":100,"crit":0.05,"exp":100,"level":1,"is_active":true}]},"player2":{"id":"client_1748190998384254000","username":"khanhhung","level":1,"exp":0,"mana":5,"max_mana":10,"troops":[{"name":"Knight","hp":200,"atk":300,"def":150,"crit":0,"mana":5,"exp":25,"level":1},{"name":"Queen","hp":0,"atk":0,"def":0,"crit":0,"mana":5,"exp":30,"special":"Heals the friendly tower with lowest HP by 300","level":1},{"name":"Bishop","hp":100,"atk":200,"def":150,"crit":0,"mana":4,"exp":10,"level":1}],"towers":[{"name":"King Tower","hp":2000,"max_hp":2000,"atk":500,"def":300,"crit":0.1,"exp":200,"level":1,"is_active":true},{"name":"Guard Tower","hp":1000,"max_hp":1000,"atk":300,"def":100,"crit":0.05,"exp":100,"level":1,"is_active":true},{"name":"Guard Tower","hp":1000,"max_hp":1000,"atk":300,"def":100,"crit":0.05,"exp":100,"level":1,"is_active":true}]},"current_turn":"client_1748191009434742000","time_left":180,"start_time":"2025-05-25T23:37:09.935074+07:00","towers_killed":{"player1":0,"player2":0}},"your_towers":[{"name":"King Tower","hp":2000,"max_hp":2000,"atk":500,"def":300,"crit":0.1,"exp":200,"level":1,"is_active":true},{"name":"Guard Tower","hp":1000,"max_hp":1000,"atk":300,"def":100,"crit":0.05,"exp":100,"level":1,"is_active":true},{"name":"Guard Tower","hp":1000,"max_hp":1000,"atk":300,"def":100,"crit":0.05,"exp":100,"level":1,"is_active":true}],"your_troops":[{"name":"Pawn","hp":50,"atk":150,"def":100,"crit":0,"mana":3,"exp":5,"level":1},{"name":"Prince","hp":500,"atk":400,"def":300,"crit":0,"mana":6,"exp":50,"level":1},{"name":"Knight","hp":200,"atk":300,"def":150,"crit":0,"mana":5,"exp":25,"level":1}]}}}
2025/05/25 23:37:09 [2025-05-25 23:37:09] [DEBUG] CLIENT: Processing game start message
2025/05/25 23:37:09 [2025-05-25 23:37:09] [DEBUG] CLIENT: Received message type: GAME_START
2025/05/25 23:37:09 [2025-05-25 23:37:09] [DEBUG] CLIENT: Processing game start message
2025/05/25 23:37:09 [2025-05-25 23:37:09] [INFO] CLIENT: Game started successfully
2025/05/25 23:37:09 [2025-05-25 23:37:09] [INFO] CLIENT: Game started successfully
2025/05/25 23:40:01 [2025-05-25 23:40:01] [DEBUG] CLIENT: Received raw message: {"type":"GAME_EVENT","game_id":"game_1748191029","timestamp":"2025-05-25T23:40:01.68159+07:00","data":{"game_event":{"event":{"type":"summon","player_id":"client_1748191009434742000","troop_name":"Pawn","target_type":"","target_name":"","timestamp":"2025-05-25T23:40:01.680933+07:00","data":{"mana_left":2}},"game_state":{"id":"game_1748191029_84","game_mode":"simple","status":"active","player1":{"id":"client_1748191009434742000","username":"bao","level":1,"exp":0,"mana":2,"max_mana":10,"troops":[{"name":"Pawn","hp":50,"atk":150,"def":100,"crit":0,"mana":3,"exp":5,"level":1},{"name":"Prince","hp":500,"atk":400,"def":300,"crit":0,"mana":6,"exp":50,"level":1},{"name":"Knight","hp":200,"atk":300,"def":150,"crit":0,"mana":5,"exp":25,"level":1}],"towers":[{"name":"King Tower","hp":2000,"max_hp":2000,"atk":500,"def":300,"crit":0.1,"exp":200,"level":1,"is_active":true},{"name":"Guard Tower","hp":1000,"max_hp":1000,"atk":300,"def":100,"crit":0.05,"exp":100,"level":1,"is_active":true},{"name":"Guard Tower","hp":1000,"max_hp":1000,"atk":300,"def":100,"crit":0.05,"exp":100,"level":1,"is_active":true}]},"player2":{"id":"client_1748190998384254000","username":"khanhhung","level":1,"exp":0,"mana":5,"max_mana":10,"troops":[{"name":"Knight","hp":200,"atk":300,"def":150,"crit":0,"mana":5,"exp":25,"level":1},{"name":"Queen","hp":0,"atk":0,"def":0,"crit":0,"mana":5,"exp":30,"special":"Heals the friendly tower with lowest HP by 300","level":1},{"name":"Bishop","hp":100,"atk":200,"def":150,"crit":0,"mana":4,"exp":10,"level":1}],"towers":[{"name":"King Tower","hp":2000,"max_hp":2000,"atk":500,"def":300,"crit":0.1,"exp":200,"level":1,"is_active":true},{"name":"Guard Tower","hp":1000,"max_hp":1000,"atk":300,"def":100,"crit":0.05,"exp":100,"level":1,"is_active":true},{"name":"Guard Tower","hp":1000,"max_hp":1000,"atk":300,"def":100,"crit":0.05,"exp":100,"level":1,"is_active":true}]},"current_turn":"client_1748191009434742000","time_left":180,"start_time":"2025-05-25T23:37:09.935074+07:00","towers_killed":{"player1":0,"player2":0}}}}}
2025/05/25 23:40:01 [2025-05-25 23:40:01] [DEBUG] CLIENT: Received message type: GAME_EVENT
2025/05/25 23:40:01 [2025-05-25 23:40:01] [DEBUG] CLIENT: Received raw message: {"type":"GAME_EVENT","game_id":"game_1748191029","timestamp":"2025-05-25T23:40:01.68159+07:00","data":{"game_event":{"event":{"type":"summon","player_id":"client_1748191009434742000","troop_name":"Pawn","target_type":"","target_name":"","timestamp":"2025-05-25T23:40:01.680933+07:00","data":{"mana_left":2}},"game_state":{"id":"game_1748191029_84","game_mode":"simple","status":"active","player1":{"id":"client_1748191009434742000","username":"bao","level":1,"exp":0,"mana":2,"max_mana":10,"troops":[{"name":"Pawn","hp":50,"atk":150,"def":100,"crit":0,"mana":3,"exp":5,"level":1},{"name":"Prince","hp":500,"atk":400,"def":300,"crit":0,"mana":6,"exp":50,"level":1},{"name":"Knight","hp":200,"atk":300,"def":150,"crit":0,"mana":5,"exp":25,"level":1}],"towers":[{"name":"King Tower","hp":2000,"max_hp":2000,"atk":500,"def":300,"crit":0.1,"exp":200,"level":1,"is_active":true},{"name":"Guard Tower","hp":1000,"max_hp":1000,"atk":300,"def":100,"crit":0.05,"exp":100,"level":1,"is_active":true},{"name":"Guard Tower","hp":1000,"max_hp":1000,"atk":300,"def":100,"crit":0.05,"exp":100,"level":1,"is_active":true}]},"player2":{"id":"client_1748190998384254000","username":"khanhhung","level":1,"exp":0,"mana":5,"max_mana":10,"troops":[{"name":"Knight","hp":200,"atk":300,"def":150,"crit":0,"mana":5,"exp":25,"level":1},{"name":"Queen","hp":0,"atk":0,"def":0,"crit":0,"mana":5,"exp":30,"special":"Heals the friendly tower with lowest HP by 300","level":1},{"name":"Bishop","hp":100,"atk":200,"def":150,"crit":0,"mana":4,"exp":10,"level":1}],"towers":[{"name":"King Tower","hp":2000,"max_hp":2000,"atk":500,"def":300,"crit":0.1,"exp":200,"level":1,"is_active":true},{"name":"Guard Tower","hp":1000,"max_hp":1000,"atk":300,"def":100,"crit":0.05,"exp":100,"level":1,"is_active":true},{"name":"Guard Tower","hp":1000,"max_hp":1000,"atk":300,"def":100,"crit":0.05,"exp":100,"level":1,"is_active":true}]},"current_turn":"client_1748191009434742000","time_left":180,"start_time":"2025-05-25T23:37:09.935074+07:00","towers_killed":{"player1":0,"player2":0}}}}}
2025/05/25 23:40:01 [2025-05-25 23:40:01] [DEBUG] CLIENT: Received message type: GAME_EVENT
2025/05/25 23:42:03 [2025-05-25 23:42:03] [ERROR] CLIENT: Lost connection to server
2025/05/25 23:42:03 [2025-05-25 23:42:03] [ERROR] CLIENT: Lost connection to server
2025/05/25 23:42:12 [2025-05-25 23:42:12] [INFO] CLIENT: Received shutdown signal, closing client...
2025/05/25 23:42:17 [2025-05-25 23:42:17] [INFO] CLIENT: Received shutdown signal, closing client...
2025/05/25 23:48:42 [2025-05-25 23:48:42] [INFO] CLIENT: Starting Clash Royale TCR Client v1.0.0
2025/05/25 23:48:42 [2025-05-25 23:48:42] [INFO] CLIENT: Connecting to server: localhost:8080
2025/05/25 23:48:42 [2025-05-25 23:48:42] [INFO] CLIENT: Client starting...
2025/05/25 23:48:42 [2025-05-25 23:48:42] [INFO] CLIENT: Connected to server at localhost:8080
2025/05/25 23:48:48 [2025-05-25 23:48:48] [DEBUG] CLIENT: Received raw message: {"type":"AUTH_OK","player_id":"client_1748191722439146000","timestamp":"2025-05-25T23:48:48.213855+07:00","data":{"auth_response":{"success":true,"player_id":"client_1748191722439146000","message":"Login successful","player_data":{"username":"khanhhung","password":"1234","level":1,"exp":0,"troop_levels":{"Bishop":1,"Knight":1,"Pawn":1,"Prince":1,"Queen":1,"Rook":1},"tower_levels":{"Guard Tower":1,"King Tower":1},"games_played":0,"games_won":0,"last_login":"2025-05-25T23:48:48.212385+07:00"}}}}
2025/05/25 23:48:48 [2025-05-25 23:48:48] [DEBUG] CLIENT: Received message type: AUTH_OK
2025/05/25 23:48:48 [2025-05-25 23:48:48] [INFO] CLIENT: Authentication successful for khanhhung
2025/05/25 23:48:56 [2025-05-25 23:48:56] [INFO] CLIENT: Starting Clash Royale TCR Client v1.0.0
2025/05/25 23:48:56 [2025-05-25 23:48:56] [INFO] CLIENT: Connecting to server: localhost:8080
2025/05/25 23:48:56 [2025-05-25 23:48:56] [INFO] CLIENT: Client starting...
2025/05/25 23:48:56 [2025-05-25 23:48:56] [INFO] CLIENT: Connected to server at localhost:8080
2025/05/25 23:49:00 [2025-05-25 23:49:00] [DEBUG] CLIENT: Received raw message: {"type":"AUTH_OK","player_id":"client_1748191736286482000","timestamp":"2025-05-25T23:49:00.309794+07:00","data":{"auth_response":{"success":true,"player_id":"client_1748191736286482000","message":"Login successful","player_data":{"username":"bao","password":"1234","level":1,"exp":0,"troop_levels":{"Bishop":1,"Knight":1,"Pawn":1,"Prince":1,"Queen":1,"Rook":1},"tower_levels":{"Guard Tower":1,"King Tower":1},"games_played":0,"games_won":0,"last_login":"2025-05-25T23:49:00.305502+07:00"}}}}
2025/05/25 23:49:00 [2025-05-25 23:49:00] [DEBUG] CLIENT: Received message type: AUTH_OK
2025/05/25 23:49:00 [2025-05-25 23:49:00] [INFO] CLIENT: Authentication successful for bao
2025/05/25 23:49:22 [2025-05-25 23:49:22] [DEBUG] CLIENT: Received raw message: {"type":"FIND_MATCH","player_id":"client_1748191736286482000","timestamp":"2025-05-25T23:49:22.781073+07:00","data":{"game_mode":"simple","status":"searching"}}
2025/05/25 23:49:22 [2025-05-25 23:49:22] [DEBUG] CLIENT: Received message type: FIND_MATCH
2025/05/25 23:49:22 [2025-05-25 23:49:22] [DEBUG] CLIENT: Unhandled message type: FIND_MATCH
2025/05/25 23:49:25 [2025-05-25 23:49:25] [DEBUG] CLIENT: Received raw message: {"type":"FIND_MATCH","player_id":"client_1748191722439146000","timestamp":"2025-05-25T23:49:25.712797+07:00","data":{"game_mode":"simple","status":"searching"}}
2025/05/25 23:49:25 [2025-05-25 23:49:25] [DEBUG] CLIENT: Received message type: FIND_MATCH
2025/05/25 23:49:25 [2025-05-25 23:49:25] [DEBUG] CLIENT: Unhandled message type: FIND_MATCH
2025/05/25 23:49:26 [2025-05-25 23:49:26] [DEBUG] CLIENT: Received raw message: {"type":"MATCH_FOUND","player_id":"client_1748191736286482000","game_id":"game_1748191766","timestamp":"2025-05-25T23:49:26.143024+07:00","data":{"match_found":{"game_id":"game_1748191766","game_mode":"simple","opponent":{"level":1,"username":"khanhhung"},"your_turn":true}}}
2025/05/25 23:49:26 [2025-05-25 23:49:26] [DEBUG] CLIENT: Received raw message: {"type":"MATCH_FOUND","player_id":"client_1748191722439146000","game_id":"game_1748191766","timestamp":"2025-05-25T23:49:26.143303+07:00","data":{"match_found":{"game_id":"game_1748191766","game_mode":"simple","opponent":{"level":1,"username":"bao"},"your_turn":false}}}
2025/05/25 23:49:26 [2025-05-25 23:49:26] [DEBUG] CLIENT: Received message type: MATCH_FOUND
2025/05/25 23:49:26 [2025-05-25 23:49:26] [DEBUG] CLIENT: Received message type: MATCH_FOUND
2025/05/25 23:49:26 [2025-05-25 23:49:26] [DEBUG] CLIENT: Received raw message: {"type":"GAME_START","player_id":"client_1748191722439146000","game_id":"game_1748191766_887","timestamp":"2025-05-25T23:49:26.144185+07:00","data":{"game_start":{"countdown_seconds":3,"game_state":{"id":"game_1748191766_887","game_mode":"simple","status":"active","player1":{"id":"client_1748191736286482000","username":"bao","level":1,"exp":0,"mana":5,"max_mana":10,"troops":[{"name":"Bishop","hp":100,"atk":200,"def":150,"crit":0,"mana":4,"exp":10,"level":1},{"name":"Pawn","hp":50,"atk":150,"def":100,"crit":0,"mana":3,"exp":5,"level":1},{"name":"Rook","hp":250,"atk":200,"def":200,"crit":0,"mana":5,"exp":25,"level":1}],"towers":[{"name":"King Tower","hp":2000,"max_hp":2000,"atk":500,"def":300,"crit":0.1,"exp":200,"level":1,"is_active":true},{"name":"Guard Tower","hp":1000,"max_hp":1000,"atk":300,"def":100,"crit":0.05,"exp":100,"level":1,"is_active":true},{"name":"Guard Tower","hp":1000,"max_hp":1000,"atk":300,"def":100,"crit":0.05,"exp":100,"level":1,"is_active":true}]},"player2":{"id":"client_1748191722439146000","username":"khanhhung","level":1,"exp":0,"mana":5,"max_mana":10,"troops":[{"name":"Bishop","hp":100,"atk":200,"def":150,"crit":0,"mana":4,"exp":10,"level":1},{"name":"Knight","hp":200,"atk":300,"def":150,"crit":0,"mana":5,"exp":25,"level":1},{"name":"Rook","hp":250,"atk":200,"def":200,"crit":0,"mana":5,"exp":25,"level":1}],"towers":[{"name":"King Tower","hp":2000,"max_hp":2000,"atk":500,"def":300,"crit":0.1,"exp":200,"level":1,"is_active":true},{"name":"Guard Tower","hp":1000,"max_hp":1000,"atk":300,"def":100,"crit":0.05,"exp":100,"level":1,"is_active":true},{"name":"Guard Tower","hp":1000,"max_hp":1000,"atk":300,"def":100,"crit":0.05,"exp":100,"level":1,"is_active":true}]},"current_turn":"client_1748191736286482000","time_left":180,"start_time":"2025-05-25T23:49:26.143+07:00","towers_killed":{"player1":0,"player2":0}},"your_towers":[{"name":"King Tower","hp":2000,"max_hp":2000,"atk":500,"def":300,"crit":0.1,"exp":200,"level":1,"is_active":true},{"name":"Guard Tower","hp":1000,"max_hp":1000,"atk":300,"def":100,"crit":0.05,"exp":100,"level":1,"is_active":true},{"name":"Guard Tower","hp":1000,"max_hp":1000,"atk":300,"def":100,"crit":0.05,"exp":100,"level":1,"is_active":true}],"your_troops":[{"name":"Bishop","hp":100,"atk":200,"def":150,"crit":0,"mana":4,"exp":10,"level":1},{"name":"Knight","hp":200,"atk":300,"def":150,"crit":0,"mana":5,"exp":25,"level":1},{"name":"Rook","hp":250,"atk":200,"def":200,"crit":0,"mana":5,"exp":25,"level":1}]}}}
2025/05/25 23:49:26 [2025-05-25 23:49:26] [DEBUG] CLIENT: Received raw message: {"type":"GAME_START","player_id":"client_1748191736286482000","game_id":"game_1748191766_887","timestamp":"2025-05-25T23:49:26.143369+07:00","data":{"game_start":{"countdown_seconds":3,"game_state":{"id":"game_1748191766_887","game_mode":"simple","status":"active","player1":{"id":"client_1748191736286482000","username":"bao","level":1,"exp":0,"mana":5,"max_mana":10,"troops":[{"name":"Bishop","hp":100,"atk":200,"def":150,"crit":0,"mana":4,"exp":10,"level":1},{"name":"Pawn","hp":50,"atk":150,"def":100,"crit":0,"mana":3,"exp":5,"level":1},{"name":"Rook","hp":250,"atk":200,"def":200,"crit":0,"mana":5,"exp":25,"level":1}],"towers":[{"name":"King Tower","hp":2000,"max_hp":2000,"atk":500,"def":300,"crit":0.1,"exp":200,"level":1,"is_active":true},{"name":"Guard Tower","hp":1000,"max_hp":1000,"atk":300,"def":100,"crit":0.05,"exp":100,"level":1,"is_active":true},{"name":"Guard Tower","hp":1000,"max_hp":1000,"atk":300,"def":100,"crit":0.05,"exp":100,"level":1,"is_active":true}]},"player2":{"id":"client_1748191722439146000","username":"khanhhung","level":1,"exp":0,"mana":5,"max_mana":10,"troops":[{"name":"Bishop","hp":100,"atk":200,"def":150,"crit":0,"mana":4,"exp":10,"level":1},{"name":"Knight","hp":200,"atk":300,"def":150,"crit":0,"mana":5,"exp":25,"level":1},{"name":"Rook","hp":250,"atk":200,"def":200,"crit":0,"mana":5,"exp":25,"level":1}],"towers":[{"name":"King Tower","hp":2000,"max_hp":2000,"atk":500,"def":300,"crit":0.1,"exp":200,"level":1,"is_active":true},{"name":"Guard Tower","hp":1000,"max_hp":1000,"atk":300,"def":100,"crit":0.05,"exp":100,"level":1,"is_active":true},{"name":"Guard Tower","hp":1000,"max_hp":1000,"atk":300,"def":100,"crit":0.05,"exp":100,"level":1,"is_active":true}]},"current_turn":"client_1748191736286482000","time_left":180,"start_time":"2025-05-25T23:49:26.143+07:00","towers_killed":{"player1":0,"player2":0}},"your_towers":[{"name":"King Tower","hp":2000,"max_hp":2000,"atk":500,"def":300,"crit":0.1,"exp":200,"level":1,"is_active":true},{"name":"Guard Tower","hp":1000,"max_hp":1000,"atk":300,"def":100,"crit":0.05,"exp":100,"level":1,"is_active":true},{"name":"Guard Tower","hp":1000,"max_hp":1000,"atk":300,"def":100,"crit":0.05,"exp":100,"level":1,"is_active":true}],"your_troops":[{"name":"Bishop","hp":100,"atk":200,"def":150,"crit":0,"mana":4,"exp":10,"level":1},{"name":"Pawn","hp":50,"atk":150,"def":100,"crit":0,"mana":3,"exp":5,"level":1},{"name":"Rook","hp":250,"atk":200,"def":200,"crit":0,"mana":5,"exp":25,"level":1}]}}}
2025/05/25 23:49:26 [2025-05-25 23:49:26] [DEBUG] CLIENT: Received message type: GAME_START
2025/05/25 23:49:26 [2025-05-25 23:49:26] [DEBUG] CLIENT: Processing game start message
2025/05/25 23:49:26 [2025-05-25 23:49:26] [DEBUG] CLIENT: Received message type: GAME_START
2025/05/25 23:49:26 [2025-05-25 23:49:26] [DEBUG] CLIENT: Processing game start message
2025/05/25 23:49:26 [2025-05-25 23:49:26] [INFO] CLIENT: Game started successfully
2025/05/25 23:49:26 [2025-05-25 23:49:26] [INFO] CLIENT: Game started successfully
2025/05/25 23:49:47 [2025-05-25 23:49:47] [DEBUG] CLIENT: Received raw message: {"type":"GAME_EVENT","game_id":"game_1748191766","timestamp":"2025-05-25T23:49:47.18709+07:00","data":{"game_event":{"event":{"type":"summon","player_id":"client_1748191736286482000","troop_name":"Bishop","target_type":"","target_name":"","timestamp":"2025-05-25T23:49:47.187087+07:00","data":{"mana_left":1}},"game_state":{"id":"game_1748191766_887","game_mode":"simple","status":"active","player1":{"id":"client_1748191736286482000","username":"bao","level":1,"exp":0,"mana":1,"max_mana":10,"troops":[{"name":"Bishop","hp":100,"atk":200,"def":150,"crit":0,"mana":4,"exp":10,"level":1},{"name":"Pawn","hp":50,"atk":150,"def":100,"crit":0,"mana":3,"exp":5,"level":1},{"name":"Rook","hp":250,"atk":200,"def":200,"crit":0,"mana":5,"exp":25,"level":1}],"towers":[{"name":"King Tower","hp":2000,"max_hp":2000,"atk":500,"def":300,"crit":0.1,"exp":200,"level":1,"is_active":true},{"name":"Guard Tower","hp":1000,"max_hp":1000,"atk":300,"def":100,"crit":0.05,"exp":100,"level":1,"is_active":true},{"name":"Guard Tower","hp":1000,"max_hp":1000,"atk":300,"def":100,"crit":0.05,"exp":100,"level":1,"is_active":true}]},"player2":{"id":"client_1748191722439146000","username":"khanhhung","level":1,"exp":0,"mana":5,"max_mana":10,"troops":[{"name":"Bishop","hp":100,"atk":200,"def":150,"crit":0,"mana":4,"exp":10,"level":1},{"name":"Knight","hp":200,"atk":300,"def":150,"crit":0,"mana":5,"exp":25,"level":1},{"name":"Rook","hp":250,"atk":200,"def":200,"crit":0,"mana":5,"exp":25,"level":1}],"towers":[{"name":"King Tower","hp":2000,"max_hp":2000,"atk":500,"def":300,"crit":0.1,"exp":200,"level":1,"is_active":true},{"name":"Guard Tower","hp":1000,"max_hp":1000,"atk":300,"def":100,"crit":0.05,"exp":100,"level":1,"is_active":true},{"name":"Guard Tower","hp":1000,"max_hp":1000,"atk":300,"def":100,"crit":0.05,"exp":100,"level":1,"is_active":true}]},"current_turn":"client_1748191736286482000","time_left":180,"start_time":"2025-05-25T23:49:26.143+07:00","towers_killed":{"player1":0,"player2":0}}}}}
2025/05/25 23:49:47 [2025-05-25 23:49:47] [DEBUG] CLIENT: Received raw message: {"type":"GAME_EVENT","game_id":"game_1748191766","timestamp":"2025-05-25T23:49:47.18709+07:00","data":{"game_event":{"event":{"type":"summon","player_id":"client_1748191736286482000","troop_name":"Bishop","target_type":"","target_name":"","timestamp":"2025-05-25T23:49:47.187087+07:00","data":{"mana_left":1}},"game_state":{"id":"game_1748191766_887","game_mode":"simple","status":"active","player1":{"id":"client_1748191736286482000","username":"bao","level":1,"exp":0,"mana":1,"max_mana":10,"troops":[{"name":"Bishop","hp":100,"atk":200,"def":150,"crit":0,"mana":4,"exp":10,"level":1},{"name":"Pawn","hp":50,"atk":150,"def":100,"crit":0,"mana":3,"exp":5,"level":1},{"name":"Rook","hp":250,"atk":200,"def":200,"crit":0,"mana":5,"exp":25,"level":1}],"towers":[{"name":"King Tower","hp":2000,"max_hp":2000,"atk":500,"def":300,"crit":0.1,"exp":200,"level":1,"is_active":true},{"name":"Guard Tower","hp":1000,"max_hp":1000,"atk":300,"def":100,"crit":0.05,"exp":100,"level":1,"is_active":true},{"name":"Guard Tower","hp":1000,"max_hp":1000,"atk":300,"def":100,"crit":0.05,"exp":100,"level":1,"is_active":true}]},"player2":{"id":"client_1748191722439146000","username":"khanhhung","level":1,"exp":0,"mana":5,"max_mana":10,"troops":[{"name":"Bishop","hp":100,"atk":200,"def":150,"crit":0,"mana":4,"exp":10,"level":1},{"name":"Knight","hp":200,"atk":300,"def":150,"crit":0,"mana":5,"exp":25,"level":1},{"name":"Rook","hp":250,"atk":200,"def":200,"crit":0,"mana":5,"exp":25,"level":1}],"towers":[{"name":"King Tower","hp":2000,"max_hp":2000,"atk":500,"def":300,"crit":0.1,"exp":200,"level":1,"is_active":true},{"name":"Guard Tower","hp":1000,"max_hp":1000,"atk":300,"def":100,"crit":0.05,"exp":100,"level":1,"is_active":true},{"name":"Guard Tower","hp":1000,"max_hp":1000,"atk":300,"def":100,"crit":0.05,"exp":100,"level":1,"is_active":true}]},"current_turn":"client_1748191736286482000","time_left":180,"start_time":"2025-05-25T23:49:26.143+07:00","towers_killed":{"player1":0,"player2":0}}}}}
2025/05/25 23:49:47 [2025-05-25 23:49:47] [DEBUG] CLIENT: Received message type: GAME_EVENT
2025/05/25 23:49:47 [2025-05-25 23:49:47] [DEBUG] CLIENT: Received message type: GAME_EVENT
2025/05/25 23:50:24 [2025-05-25 23:50:24] [DEBUG] CLIENT: Received raw message: {"type":"TURN_CHANGE","game_id":"game_1748191766","timestamp":"2025-05-25T23:50:24.710327+07:00","data":{"current_turn":"client_1748191736286482000"}}
2025/05/25 23:50:24 [2025-05-25 23:50:24] [DEBUG] CLIENT: Received raw message: {"type":"TURN_CHANGE","game_id":"game_1748191766","timestamp":"2025-05-25T23:50:24.710327+07:00","data":{"current_turn":"client_1748191736286482000"}}
2025/05/25 23:50:24 [2025-05-25 23:50:24] [DEBUG] CLIENT: Received message type: TURN_CHANGE
2025/05/25 23:50:24 [2025-05-25 23:50:24] [DEBUG] CLIENT: Received message type: TURN_CHANGE
2025/05/25 23:51:18 [2025-05-25 23:51:18] [INFO] CLIENT: Received shutdown signal, closing client...
2025/05/25 23:51:22 [2025-05-25 23:51:22] [INFO] CLIENT: Received shutdown signal, closing client...
2025/05/25 23:55:18 [2025-05-25 23:55:18] [INFO] CLIENT: Starting Clash Royale TCR Client v1.0.0
2025/05/25 23:55:18 [2025-05-25 23:55:18] [INFO] CLIENT: Connecting to server: localhost:8080
2025/05/25 23:55:18 [2025-05-25 23:55:18] [INFO] CLIENT: Client starting...
2025/05/25 23:55:18 [2025-05-25 23:55:18] [INFO] CLIENT: Connected to server at localhost:8080
2025/05/25 23:55:20 [2025-05-25 23:55:20] [INFO] CLIENT: Starting Clash Royale TCR Client v1.0.0
2025/05/25 23:55:20 [2025-05-25 23:55:20] [INFO] CLIENT: Connecting to server: localhost:8080
2025/05/25 23:55:20 [2025-05-25 23:55:20] [INFO] CLIENT: Client starting...
2025/05/25 23:55:20 [2025-05-25 23:55:20] [INFO] CLIENT: Connected to server at localhost:8080
2025/05/25 23:55:24 [2025-05-25 23:55:24] [DEBUG] CLIENT: Received raw message: {"type":"AUTH_OK","player_id":"client_1748192120768896000","timestamp":"2025-05-25T23:55:24.523474+07:00","data":{"auth_response":{"success":true,"player_id":"client_1748192120768896000","message":"Login successful","player_data":{"username":"bao","password":"1234","level":1,"exp":0,"troop_levels":{"Bishop":1,"Knight":1,"Pawn":1,"Prince":1,"Queen":1,"Rook":1},"tower_levels":{"Guard Tower":1,"King Tower":1},"games_played":0,"games_won":0,"last_login":"2025-05-25T23:55:24.522903+07:00"}}}}
2025/05/25 23:55:24 [2025-05-25 23:55:24] [DEBUG] CLIENT: Received message type: AUTH_OK
2025/05/25 23:55:24 [2025-05-25 23:55:24] [INFO] CLIENT: Authentication successful for bao
2025/05/25 23:55:32 [2025-05-25 23:55:32] [DEBUG] CLIENT: Received raw message: {"type":"AUTH_FAIL","timestamp":"2025-05-25T23:55:32.641936+07:00","data":{"auth_response":{"success":false,"message":"player not found"}}}
2025/05/25 23:55:32 [2025-05-25 23:55:32] [DEBUG] CLIENT: Received message type: AUTH_FAIL
2025/05/25 23:55:57 [2025-05-25 23:55:57] [DEBUG] CLIENT: Received raw message: {"type":"AUTH_OK","player_id":"client_1748192118046163000","timestamp":"2025-05-25T23:55:57.265193+07:00","data":{"auth_response":{"success":true,"player_id":"client_1748192118046163000","message":"Login successful","player_data":{"username":"khanhhung","password":"1234","level":1,"exp":0,"troop_levels":{"Bishop":1,"Knight":1,"Pawn":1,"Prince":1,"Queen":1,"Rook":1},"tower_levels":{"Guard Tower":1,"King Tower":1},"games_played":0,"games_won":0,"last_login":"2025-05-25T23:55:57.262806+07:00"}}}}
2025/05/25 23:55:57 [2025-05-25 23:55:57] [DEBUG] CLIENT: Received message type: AUTH_OK
2025/05/25 23:55:57 [2025-05-25 23:55:57] [INFO] CLIENT: Authentication successful for khanhhung
2025/05/25 23:56:02 [2025-05-25 23:56:02] [DEBUG] CLIENT: Received raw message: {"type":"FIND_MATCH","player_id":"client_1748192120768896000","timestamp":"2025-05-25T23:56:02.671972+07:00","data":{"game_mode":"simple","status":"searching"}}
2025/05/25 23:56:02 [2025-05-25 23:56:02] [DEBUG] CLIENT: Received message type: FIND_MATCH
2025/05/25 23:56:02 [2025-05-25 23:56:02] [DEBUG] CLIENT: Unhandled message type: FIND_MATCH
2025/05/25 23:56:05 [2025-05-25 23:56:05] [DEBUG] CLIENT: Received raw message: {"type":"FIND_MATCH","player_id":"client_1748192118046163000","timestamp":"2025-05-25T23:56:05.652983+07:00","data":{"game_mode":"simple","status":"searching"}}
2025/05/25 23:56:05 [2025-05-25 23:56:05] [DEBUG] CLIENT: Received message type: FIND_MATCH
2025/05/25 23:56:05 [2025-05-25 23:56:05] [DEBUG] CLIENT: Unhandled message type: FIND_MATCH
2025/05/25 23:56:06 [2025-05-25 23:56:06] [DEBUG] CLIENT: Received raw message: {"type":"MATCH_FOUND","player_id":"client_1748192120768896000","game_id":"game_1748192166","timestamp":"2025-05-25T23:56:06.507895+07:00","data":{"match_found":{"game_id":"game_1748192166","game_mode":"simple","opponent":{"level":1,"username":"khanhhung"},"your_turn":true}}}
2025/05/25 23:56:06 [2025-05-25 23:56:06] [DEBUG] CLIENT: Received raw message: {"type":"MATCH_FOUND","player_id":"client_1748192118046163000","game_id":"game_1748192166","timestamp":"2025-05-25T23:56:06.5081+07:00","data":{"match_found":{"game_id":"game_1748192166","game_mode":"simple","opponent":{"level":1,"username":"bao"},"your_turn":false}}}
2025/05/25 23:56:06 [2025-05-25 23:56:06] [DEBUG] CLIENT: Received message type: MATCH_FOUND
2025/05/25 23:56:06 [2025-05-25 23:56:06] [DEBUG] CLIENT: Received message type: MATCH_FOUND
2025/05/25 23:56:06 [2025-05-25 23:56:06] [DEBUG] CLIENT: Received raw message: {"type":"GAME_START","player_id":"client_1748192120768896000","game_id":"game_1748192166_959","timestamp":"2025-05-25T23:56:06.508153+07:00","data":{"game_start":{"countdown_seconds":3,"game_state":{"id":"game_1748192166_959","game_mode":"simple","status":"active","player1":{"id":"client_1748192120768896000","username":"bao","level":1,"exp":0,"mana":5,"max_mana":10,"troops":[{"name":"Queen","hp":0,"atk":0,"def":0,"crit":0,"mana":5,"exp":30,"special":"Heals the friendly tower with lowest HP by 300","level":1},{"name":"Rook","hp":250,"atk":200,"def":200,"crit":0,"mana":5,"exp":25,"level":1},{"name":"Knight","hp":200,"atk":300,"def":150,"crit":0,"mana":5,"exp":25,"level":1}],"towers":[{"name":"King Tower","hp":2000,"max_hp":2000,"atk":500,"def":300,"crit":0.1,"exp":200,"level":1,"is_active":true},{"name":"Guard Tower","hp":1000,"max_hp":1000,"atk":300,"def":100,"crit":0.05,"exp":100,"level":1,"is_active":true},{"name":"Guard Tower","hp":1000,"max_hp":1000,"atk":300,"def":100,"crit":0.05,"exp":100,"level":1,"is_active":true}]},"player2":{"id":"client_1748192118046163000","username":"khanhhung","level":1,"exp":0,"mana":5,"max_mana":10,"troops":[{"name":"Bishop","hp":100,"atk":200,"def":150,"crit":0,"mana":4,"exp":10,"level":1},{"name":"Prince","hp":500,"atk":400,"def":300,"crit":0,"mana":6,"exp":50,"level":1},{"name":"Rook","hp":250,"atk":200,"def":200,"crit":0,"mana":5,"exp":25,"level":1}],"towers":[{"name":"King Tower","hp":2000,"max_hp":2000,"atk":500,"def":300,"crit":0.1,"exp":200,"level":1,"is_active":true},{"name":"Guard Tower","hp":1000,"max_hp":1000,"atk":300,"def":100,"crit":0.05,"exp":100,"level":1,"is_active":true},{"name":"Guard Tower","hp":1000,"max_hp":1000,"atk":300,"def":100,"crit":0.05,"exp":100,"level":1,"is_active":true}]},"current_turn":"client_1748192120768896000","time_left":180,"start_time":"2025-05-25T23:56:06.507843+07:00","towers_killed":{"player1":0,"player2":0}},"your_towers":[{"name":"King Tower","hp":2000,"max_hp":2000,"atk":500,"def":300,"crit":0.1,"exp":200,"level":1,"is_active":true},{"name":"Guard Tower","hp":1000,"max_hp":1000,"atk":300,"def":100,"crit":0.05,"exp":100,"level":1,"is_active":true},{"name":"Guard Tower","hp":1000,"max_hp":1000,"atk":300,"def":100,"crit":0.05,"exp":100,"level":1,"is_active":true}],"your_troops":[{"name":"Queen","hp":0,"atk":0,"def":0,"crit":0,"mana":5,"exp":30,"special":"Heals the friendly tower with lowest HP by 300","level":1},{"name":"Rook","hp":250,"atk":200,"def":200,"crit":0,"mana":5,"exp":25,"level":1},{"name":"Knight","hp":200,"atk":300,"def":150,"crit":0,"mana":5,"exp":25,"level":1}]}}}
2025/05/25 23:56:06 [2025-05-25 23:56:06] [DEBUG] CLIENT: Received raw message: {"type":"GAME_START","player_id":"client_1748192118046163000","game_id":"game_1748192166_959","timestamp":"2025-05-25T23:56:06.508478+07:00","data":{"game_start":{"countdown_seconds":3,"game_state":{"id":"game_1748192166_959","game_mode":"simple","status":"active","player1":{"id":"client_1748192120768896000","username":"bao","level":1,"exp":0,"mana":5,"max_mana":10,"troops":[{"name":"Queen","hp":0,"atk":0,"def":0,"crit":0,"mana":5,"exp":30,"special":"Heals the friendly tower with lowest HP by 300","level":1},{"name":"Rook","hp":250,"atk":200,"def":200,"crit":0,"mana":5,"exp":25,"level":1},{"name":"Knight","hp":200,"atk":300,"def":150,"crit":0,"mana":5,"exp":25,"level":1}],"towers":[{"name":"King Tower","hp":2000,"max_hp":2000,"atk":500,"def":300,"crit":0.1,"exp":200,"level":1,"is_active":true},{"name":"Guard Tower","hp":1000,"max_hp":1000,"atk":300,"def":100,"crit":0.05,"exp":100,"level":1,"is_active":true},{"name":"Guard Tower","hp":1000,"max_hp":1000,"atk":300,"def":100,"crit":0.05,"exp":100,"level":1,"is_active":true}]},"player2":{"id":"client_1748192118046163000","username":"khanhhung","level":1,"exp":0,"mana":5,"max_mana":10,"troops":[{"name":"Bishop","hp":100,"atk":200,"def":150,"crit":0,"mana":4,"exp":10,"level":1},{"name":"Prince","hp":500,"atk":400,"def":300,"crit":0,"mana":6,"exp":50,"level":1},{"name":"Rook","hp":250,"atk":200,"def":200,"crit":0,"mana":5,"exp":25,"level":1}],"towers":[{"name":"King Tower","hp":2000,"max_hp":2000,"atk":500,"def":300,"crit":0.1,"exp":200,"level":1,"is_active":true},{"name":"Guard Tower","hp":1000,"max_hp":1000,"atk":300,"def":100,"crit":0.05,"exp":100,"level":1,"is_active":true},{"name":"Guard Tower","hp":1000,"max_hp":1000,"atk":300,"def":100,"crit":0.05,"exp":100,"level":1,"is_active":true}]},"current_turn":"client_1748192120768896000","time_left":180,"start_time":"2025-05-25T23:56:06.507843+07:00","towers_killed":{"player1":0,"player2":0}},"your_towers":[{"name":"King Tower","hp":2000,"max_hp":2000,"atk":500,"def":300,"crit":0.1,"exp":200,"level":1,"is_active":true},{"name":"Guard Tower","hp":1000,"max_hp":1000,"atk":300,"def":100,"crit":0.05,"exp":100,"level":1,"is_active":true},{"name":"Guard Tower","hp":1000,"max_hp":1000,"atk":300,"def":100,"crit":0.05,"exp":100,"level":1,"is_active":true}],"your_troops":[{"name":"Bishop","hp":100,"atk":200,"def":150,"crit":0,"mana":4,"exp":10,"level":1},{"name":"Prince","hp":500,"atk":400,"def":300,"crit":0,"mana":6,"exp":50,"level":1},{"name":"Rook","hp":250,"atk":200,"def":200,"crit":0,"mana":5,"exp":25,"level":1}]}}}
2025/05/25 23:56:06 [2025-05-25 23:56:06] [DEBUG] CLIENT: Received message type: GAME_START
2025/05/25 23:56:06 [2025-05-25 23:56:06] [DEBUG] CLIENT: Processing game start message
2025/05/25 23:56:06 [2025-05-25 23:56:06] [DEBUG] CLIENT: Received message type: GAME_START
2025/05/25 23:56:06 [2025-05-25 23:56:06] [DEBUG] CLIENT: Processing game start message
2025/05/25 23:56:06 [2025-05-25 23:56:06] [INFO] CLIENT: Game started successfully
2025/05/25 23:56:06 [2025-05-25 23:56:06] [INFO] CLIENT: Game started successfully
2025/05/25 23:57:00 [2025-05-25 23:57:00] [DEBUG] CLIENT: Received raw message: {"type":"GAME_EVENT","game_id":"game_1748192166","timestamp":"2025-05-25T23:57:00.793644+07:00","data":{"game_event":{"event":{"type":"heal","player_id":"client_1748192120768896000","troop_name":"Queen","target_type":"tower","target_name":"Guard Tower","timestamp":"2025-05-25T23:57:00.793633+07:00","data":{"mana_left":0,"tower_hp":1000}},"game_state":{"id":"game_1748192166_959","game_mode":"simple","status":"active","player1":{"id":"client_1748192120768896000","username":"bao","level":1,"exp":0,"mana":0,"max_mana":10,"troops":[{"name":"Queen","hp":0,"atk":0,"def":0,"crit":0,"mana":5,"exp":30,"special":"Heals the friendly tower with lowest HP by 300","level":1},{"name":"Rook","hp":250,"atk":200,"def":200,"crit":0,"mana":5,"exp":25,"level":1},{"name":"Knight","hp":200,"atk":300,"def":150,"crit":0,"mana":5,"exp":25,"level":1}],"towers":[{"name":"King Tower","hp":2000,"max_hp":2000,"atk":500,"def":300,"crit":0.1,"exp":200,"level":1,"is_active":true},{"name":"Guard Tower","hp":1000,"max_hp":1000,"atk":300,"def":100,"crit":0.05,"exp":100,"level":1,"is_active":true},{"name":"Guard Tower","hp":1000,"max_hp":1000,"atk":300,"def":100,"crit":0.05,"exp":100,"level":1,"is_active":true}]},"player2":{"id":"client_1748192118046163000","username":"khanhhung","level":1,"exp":0,"mana":5,"max_mana":10,"troops":[{"name":"Bishop","hp":100,"atk":200,"def":150,"crit":0,"mana":4,"exp":10,"level":1},{"name":"Prince","hp":500,"atk":400,"def":300,"crit":0,"mana":6,"exp":50,"level":1},{"name":"Rook","hp":250,"atk":200,"def":200,"crit":0,"mana":5,"exp":25,"level":1}],"towers":[{"name":"King Tower","hp":2000,"max_hp":2000,"atk":500,"def":300,"crit":0.1,"exp":200,"level":1,"is_active":true},{"name":"Guard Tower","hp":1000,"max_hp":1000,"atk":300,"def":100,"crit":0.05,"exp":100,"level":1,"is_active":true},{"name":"Guard Tower","hp":1000,"max_hp":1000,"atk":300,"def":100,"crit":0.05,"exp":100,"level":1,"is_active":true}]},"current_turn":"client_1748192120768896000","time_left":180,"start_time":"2025-05-25T23:56:06.507843+07:00","towers_killed":{"player1":0,"player2":0}}}}}
2025/05/25 23:57:01 [2025-05-25 23:57:01] [DEBUG] CLIENT: Received raw message: {"type":"GAME_EVENT","game_id":"game_1748192166","timestamp":"2025-05-25T23:57:00.793644+07:00","data":{"game_event":{"event":{"type":"heal","player_id":"client_1748192120768896000","troop_name":"Queen","target_type":"tower","target_name":"Guard Tower","timestamp":"2025-05-25T23:57:00.793633+07:00","data":{"mana_left":0,"tower_hp":1000}},"game_state":{"id":"game_1748192166_959","game_mode":"simple","status":"active","player1":{"id":"client_1748192120768896000","username":"bao","level":1,"exp":0,"mana":0,"max_mana":10,"troops":[{"name":"Queen","hp":0,"atk":0,"def":0,"crit":0,"mana":5,"exp":30,"special":"Heals the friendly tower with lowest HP by 300","level":1},{"name":"Rook","hp":250,"atk":200,"def":200,"crit":0,"mana":5,"exp":25,"level":1},{"name":"Knight","hp":200,"atk":300,"def":150,"crit":0,"mana":5,"exp":25,"level":1}],"towers":[{"name":"King Tower","hp":2000,"max_hp":2000,"atk":500,"def":300,"crit":0.1,"exp":200,"level":1,"is_active":true},{"name":"Guard Tower","hp":1000,"max_hp":1000,"atk":300,"def":100,"crit":0.05,"exp":100,"level":1,"is_active":true},{"name":"Guard Tower","hp":1000,"max_hp":1000,"atk":300,"def":100,"crit":0.05,"exp":100,"level":1,"is_active":true}]},"player2":{"id":"client_1748192118046163000","username":"khanhhung","level":1,"exp":0,"mana":5,"max_mana":10,"troops":[{"name":"Bishop","hp":100,"atk":200,"def":150,"crit":0,"mana":4,"exp":10,"level":1},{"name":"Prince","hp":500,"atk":400,"def":300,"crit":0,"mana":6,"exp":50,"level":1},{"name":"Rook","hp":250,"atk":200,"def":200,"crit":0,"mana":5,"exp":25,"level":1}],"towers":[{"name":"King Tower","hp":2000,"max_hp":2000,"atk":500,"def":300,"crit":0.1,"exp":200,"level":1,"is_active":true},{"name":"Guard Tower","hp":1000,"max_hp":1000,"atk":300,"def":100,"crit":0.05,"exp":100,"level":1,"is_active":true},{"name":"Guard Tower","hp":1000,"max_hp":1000,"atk":300,"def":100,"crit":0.05,"exp":100,"level":1,"is_active":true}]},"current_turn":"client_1748192120768896000","time_left":180,"start_time":"2025-05-25T23:56:06.507843+07:00","towers_killed":{"player1":0,"player2":0}}}}}
2025/05/25 23:57:01 [2025-05-25 23:57:01] [DEBUG] CLIENT: Received message type: GAME_EVENT
2025/05/25 23:57:01 [2025-05-25 23:57:01] [DEBUG] CLIENT: Received message type: GAME_EVENT
2025/05/25 23:57:24 [2025-05-25 23:57:24] [DEBUG] CLIENT: Received raw message: {"type":"TURN_CHANGE","game_id":"game_1748192166","timestamp":"2025-05-25T23:57:24.661131+07:00","data":{"current_turn":"client_1748192120768896000"}}
2025/05/25 23:57:24 [2025-05-25 23:57:24] [DEBUG] CLIENT: Received raw message: {"type":"TURN_CHANGE","game_id":"game_1748192166","timestamp":"2025-05-25T23:57:24.661131+07:00","data":{"current_turn":"client_1748192120768896000"}}
2025/05/25 23:57:24 [2025-05-25 23:57:24] [DEBUG] CLIENT: Received message type: TURN_CHANGE
2025/05/25 23:57:24 [2025-05-25 23:57:24] [DEBUG] CLIENT: Received message type: TURN_CHANGE
2025/05/25 23:57:48 [2025-05-25 23:57:48] [DEBUG] CLIENT: Received raw message: {"type":"TURN_CHANGE","game_id":"game_1748192166","timestamp":"2025-05-25T23:57:48.564637+07:00","data":{"current_turn":"client_1748192120768896000"}}
2025/05/25 23:57:48 [2025-05-25 23:57:48] [DEBUG] CLIENT: Received raw message: {"type":"TURN_CHANGE","game_id":"game_1748192166","timestamp":"2025-05-25T23:57:48.564637+07:00","data":{"current_turn":"client_1748192120768896000"}}
2025/05/25 23:57:48 [2025-05-25 23:57:48] [DEBUG] CLIENT: Received message type: TURN_CHANGE
2025/05/25 23:57:48 [2025-05-25 23:57:48] [DEBUG] CLIENT: Received message type: TURN_CHANGE
2025/05/26 00:00:01 [2025-05-26 00:00:01] [INFO] CLIENT: Received shutdown signal, closing client...
2025/05/26 00:00:06 [2025-05-26 00:00:06] [INFO] CLIENT: Received shutdown signal, closing client...
